<?xml version="1.0" encoding="UTF-8"?>
<!-- Generated by org.testng.reporters.JUnitXMLReporter -->
<testsuite ignored="0" hostname="ojas-dl439" failures="3" tests="3" name="PetTest" time="3.419" errors="0" timestamp="2023-07-06T12:10:11 IST">
  <testcase classname="api.test.UserTests2" name="testUpdateUserByName" time="2.804">
    <failure type="java.util.MissingResourceException" message="Can&amp;apos;t find bundle for base name routes, locale en_US">
      <![CDATA[java.util.MissingResourceException: Can't find bundle for base name routes, locale en_US
at java.base/java.util.ResourceBundle.throwMissingResourceException(ResourceBundle.java:2045)
at java.base/java.util.ResourceBundle.getBundleImpl(ResourceBundle.java:1683)
at java.base/java.util.ResourceBundle.getBundleImpl(ResourceBundle.java:1586)
at java.base/java.util.ResourceBundle.getBundleImpl(ResourceBundle.java:1549)
at java.base/java.util.ResourceBundle.getBundle(ResourceBundle.java:858)
at api.endpoints.UserEndpoints2.getURL(UserEndpoints2.java:19)
at api.endpoints.UserEndpoints2.readUser(UserEndpoints2.java:43)
at api.test.UserTests2.testUpdateUserByName(UserTests2.java:83)
at java.base/java.util.ArrayList.forEach(ArrayList.java:1511)
... Removed 27 stack frames]]>
    </failure>
  </testcase> <!-- testUpdateUserByName -->
  <testcase classname="api.test.UserTests2" name="testPostUser" time="0.001">
    <failure type="java.util.MissingResourceException" message="Can&amp;apos;t find bundle for base name routes, locale en_US">
      <![CDATA[java.util.MissingResourceException: Can't find bundle for base name routes, locale en_US
at java.base/java.util.ResourceBundle.throwMissingResourceException(ResourceBundle.java:2045)
at java.base/java.util.ResourceBundle.getBundleImpl(ResourceBundle.java:1683)
at java.base/java.util.ResourceBundle.getBundleImpl(ResourceBundle.java:1586)
at java.base/java.util.ResourceBundle.getBundleImpl(ResourceBundle.java:1549)
at java.base/java.util.ResourceBundle.getBundle(ResourceBundle.java:858)
at api.endpoints.UserEndpoints2.getURL(UserEndpoints2.java:19)
at api.endpoints.UserEndpoints2.createUser(UserEndpoints2.java:28)
at api.test.UserTests2.testPostUser(UserTests2.java:49)
at java.base/java.util.ArrayList.forEach(ArrayList.java:1511)
... Removed 27 stack frames]]>
    </failure>
  </testcase> <!-- testPostUser -->
  <testcase classname="api.test.UserTests2" name="testGetUserByName" time="0.001">
    <failure type="java.util.MissingResourceException" message="Can&amp;apos;t find bundle for base name routes, locale en_US">
      <![CDATA[java.util.MissingResourceException: Can't find bundle for base name routes, locale en_US
at java.base/java.util.ResourceBundle.throwMissingResourceException(ResourceBundle.java:2045)
at java.base/java.util.ResourceBundle.getBundleImpl(ResourceBundle.java:1683)
at java.base/java.util.ResourceBundle.getBundleImpl(ResourceBundle.java:1586)
at java.base/java.util.ResourceBundle.getBundleImpl(ResourceBundle.java:1549)
at java.base/java.util.ResourceBundle.getBundle(ResourceBundle.java:858)
at api.endpoints.UserEndpoints2.getURL(UserEndpoints2.java:19)
at api.endpoints.UserEndpoints2.readUser(UserEndpoints2.java:43)
at api.test.UserTests2.testGetUserByName(UserTests2.java:62)
at java.base/java.util.ArrayList.forEach(ArrayList.java:1511)
... Removed 27 stack frames]]>
    </failure>
  </testcase> <!-- testGetUserByName -->
</testsuite> <!-- PetTest -->
